<?xml version="1.0" encoding="utf-8"?><testsuites name="pytest tests"><testsuite name="pytest" errors="0" failures="0" skipped="0" tests="12" time="1.957" timestamp="2026-06-28T15:22:56.931926+00:00" hostname="agent-env-0edb0b1b-7ce1-4e14-99ce-847e5f32d8ce"><testcase classname="tests.test_workouts_iter3.TestClearBodyMetric" name="test_clear_body_fat_logs" time="0.918" /><testcase classname="tests.test_workouts_iter3.TestWorkouts" name="test_create_workout_with_aggregates" time="0.794" /><testcase classname="tests.test_workouts_iter3.TestWorkouts" name="test_list_workouts_enriched" time="0.086" /><testcase classname="tests.test_workouts_iter3.TestWorkouts" name="test_workout_stats" time="0.045" /><testcase classname="tests.test_workouts_iter3.TestClearBodyMetric" name="test_clear_auto_metric_400" time="0.095" /><testcase classname="tests.test_workouts_iter3.TestWorkouts" name="test_exercise_previous" time="0.087" /><testcase classname="tests.test_workouts_iter3.TestWorkouts" name="test_exercise_previous_no_history" time="0.046" /><testcase classname="tests.test_workouts_iter3.TestClearBodyMetric" name="test_clear_unknown_metric_400" time="0.042" /><testcase classname="tests.test_workouts_iter3.TestClearBodyMetric" name="test_clear_requires_auth" time="0.122" /><testcase classname="tests.test_workouts_iter3.TestWorkouts" name="test_workouts_require_auth" time="0.220" /><testcase classname="tests.test_workouts_iter3.TestWorkouts" name="test_delete_workout" time="0.089" /><testcase classname="tests.test_workouts_iter3.TestWorkouts" name="test_delete_workout_404" time="0.046" /></testsuite></testsuites>