<?xml version="1.0" encoding="utf-8"?><testsuites name="pytest tests"><testsuite name="pytest" errors="0" failures="0" skipped="0" tests="27" time="3.157" timestamp="2026-06-28T14:58:43.176895+00:00" hostname="agent-env-0edb0b1b-7ce1-4e14-99ce-847e5f32d8ce"><testcase classname="tests.test_lifeos_backend.TestBodyMetrics" name="test_definitions_has_7_metrics" time="0.274" /><testcase classname="tests.test_lifeos_backend.TestRoutines" name="test_create_routine" time="0.781" /><testcase classname="tests.test_lifeos_backend.TestBodyMetrics" name="test_latest_auto_bmi_bmr" time="0.600" /><testcase classname="tests.test_lifeos_backend.TestRoutines" name="test_list_includes_created" time="0.045" /><testcase classname="tests.test_lifeos_backend.TestRoutines" name="test_update_routine" time="0.086" /><testcase classname="tests.test_lifeos_backend.TestBodyMetrics" name="test_log_body_fat_and_history" time="0.097" /><testcase classname="tests.test_lifeos_backend.TestRoutines" name="test_routines_require_auth" time="0.157" /><testcase classname="tests.test_lifeos_backend.TestBodyMetrics" name="test_auto_metric_log_rejected" time="0.100" /><testcase classname="tests.test_lifeos_backend.TestRoutines" name="test_delete_routine" time="0.093" /><testcase classname="tests.test_lifeos_backend.TestBodyMetrics" name="test_profile_update_changes_bmi" time="0.364" /><testcase classname="tests.test_lifeos_backend.TestAuth" name="test_login_success_returns_user_and_token" time="0.270" /><testcase classname="tests.test_lifeos_backend.TestAuth" name="test_login_invalid_password" time="0.267" /><testcase classname="tests.test_lifeos_backend.TestBodyMetrics" name="test_all_seven_metrics_with_source" time="0.322" /><testcase classname="tests.test_lifeos_backend.TestAuth" name="test_me_with_bearer" time="0.068" /><testcase classname="tests.test_lifeos_backend.TestBodyMetrics" name="test_manual_log_overrides_estimate_source" time="0.198" /><testcase classname="tests.test_lifeos_backend.TestAuth" name="test_me_without_auth" time="0.130" /><testcase classname="tests.test_lifeos_backend.TestExercises" name="test_list_returns_66" time="0.054" /><testcase classname="tests.test_lifeos_backend.TestExercises" name="test_filter_by_muscle_group_chest" time="0.044" /><testcase classname="tests.test_lifeos_backend.TestBodyMetrics" name="test_partial_profile_update_preserves_fields" time="0.295" /><testcase classname="tests.test_lifeos_backend.TestExercises" name="test_search_press" time="0.044" /><testcase classname="tests.test_lifeos_backend.TestExercises" name="test_meta_endpoint" time="0.044" /><testcase classname="tests.test_lifeos_backend.TestExerciseDetail" name="test_get_exercise_by_id" time="0.089" /><testcase classname="tests.test_lifeos_backend.TestExerciseDetail" name="test_get_exercise_404" time="0.043" /><testcase classname="tests.test_lifeos_backend.TestPrograms" name="test_list_returns_14" time="0.053" /><testcase classname="tests.test_lifeos_backend.TestPrograms" name="test_filter_beginner" time="0.053" /><testcase classname="tests.test_lifeos_backend.TestPrograms" name="test_get_program_enriched" time="0.108" /><testcase classname="tests.test_lifeos_backend.TestPrograms" name="test_get_program_404" time="0.049" /></testsuite></testsuites>